<?xml version="1.0" encoding="UTF-8"?>
<!-- Generated by org.testng.reporters.JUnitXMLReporter -->
<testsuite hostname="Antnony-PC" ignored="0" tests="0" failures="0" timestamp="2022-03-09T10:42:05 CST" time="0.016" errors="0">
  <testcase name="@BeforeSuite initialize" time="0.046" classname="tests.TestBase">
    <failure type="java.lang.IllegalStateException" message="The driver executable must exist: D:\eclipse-workspace\validaMicrositioGui\src\test\resources\drivers\chromedriver.exe">
      <![CDATA[java.lang.IllegalStateException: The driver executable must exist: D:\eclipse-workspace\validaMicrositioGui\src\test\resources\drivers\chromedriver.exe
at org.openqa.selenium.internal.Require$FileStateChecker.isFile(Require.java:342)
at org.openqa.selenium.remote.service.DriverService.checkExecutable(DriverService.java:147)
at org.openqa.selenium.remote.service.DriverService.findExecutable(DriverService.java:142)
at org.openqa.selenium.chrome.ChromeDriverService.access$000(ChromeDriverService.java:38)
at org.openqa.selenium.chrome.ChromeDriverService$Builder.findDefaultExecutable(ChromeDriverService.java:231)
at org.openqa.selenium.remote.service.DriverService$Builder.build(DriverService.java:437)
at org.openqa.selenium.chrome.ChromeDriverService.createDefaultService(ChromeDriverService.java:127)
at org.openqa.selenium.chrome.ChromeDriver.<init>(ChromeDriver.java:48)
at tests.TestBase.initialize(TestBase.java:19)
... Removed 29 stack frames]]>
    </failure>
  </testcase> <!-- @BeforeSuite initialize -->
</testsuite>
